<?xml version="1.0" encoding="UTF-8"?>
<!-- Generated by org.testng.reporters.JUnitXMLReporter -->
<testsuite hostname="Toluwalase" name="Default test" tests="5" failures="0" timestamp="19 Oct 2020 11:42:09 GMT" time="133.572" errors="0">
  <testcase name="validatelogin" time="1.727" classname="com.operator.testcases.ValidateLogin"/>
  <testcase name="validatelogin" time="1.724" classname="com.operator.testcases.ValidateLogin"/>
  <testcase name="validatelogin" time="1.694" classname="com.operator.testcases.ValidateLogin"/>
  <testcase name="validatelogin" time="1.667" classname="com.operator.testcases.ValidateLogin"/>
  <testcase name="validatelogin" time="1.626" classname="com.operator.testcases.ValidateLogin"/>
</testsuite> <!-- Default test -->
