<?xml version="1.0" encoding="UTF-8"?>
<!-- Generated by org.testng.reporters.JUnitXMLReporter -->
<testsuite hostname="Toluwalase" name="Default test" tests="4" failures="0" timestamp="23 Apr 2020 14:09:37 GMT" time="135.841" errors="0">
  <testcase name="validatelogin" time="3.815" classname="com.operator.testcases.ValidateLogin"/>
  <testcase name="validatelogin" time="1.5" classname="com.operator.testcases.ValidateLogin"/>
  <testcase name="validatelogin" time="2.023" classname="com.operator.testcases.ValidateLogin"/>
  <testcase name="validatelogin" time="1.819" classname="com.operator.testcases.ValidateLogin"/>
</testsuite> <!-- Default test -->
