<?xml version="1.0" encoding="UTF-8"?>
<testng-results skipped="0" failed="0" total="5" passed="5">
  <reporter-output>
  </reporter-output>
  <suite name="AgencyBanking suite" duration-ms="117585" started-at="2020-10-19T12:21:37Z" finished-at="2020-10-19T12:23:34Z">
    <groups>
    </groups>
    <test name="Login" duration-ms="117585" started-at="2020-10-19T12:21:37Z" finished-at="2020-10-19T12:23:34Z">
      <class name="com.operator.testcases.ValidateLogin">
        <test-method status="PASS" signature="setUp()[pri:0, instance:com.operator.testcases.ValidateLogin@6615435c]" name="setUp" is-config="true" duration-ms="31719" started-at="2020-10-19T13:21:40Z" finished-at="2020-10-19T13:22:12Z">
          <reporter-output>
          </reporter-output>
        </test-method> <!-- setUp -->
        <test-method status="PASS" signature="validatelogin(java.lang.String, java.lang.String)[pri:0, instance:com.operator.testcases.ValidateLogin@6615435c]" name="validatelogin" duration-ms="1665" started-at="2020-10-19T13:22:12Z" data-provider="Agentlogin" finished-at="2020-10-19T13:22:13Z">
          <params>
            <param index="0">
              <value>
                <![CDATA[obayemi.oje@gmail.com]]>
              </value>
            </param>
            <param index="1">
              <value>
                <![CDATA[Obayemi92@]]>
              </value>
            </param>
          </params>
          <reporter-output>
          </reporter-output>
        </test-method> <!-- validatelogin -->
        <test-method status="PASS" signature="tearDown()[pri:0, instance:com.operator.testcases.ValidateLogin@6615435c]" name="tearDown" is-config="true" duration-ms="625" started-at="2020-10-19T13:22:13Z" finished-at="2020-10-19T13:22:14Z">
          <reporter-output>
          </reporter-output>
        </test-method> <!-- tearDown -->
        <test-method status="PASS" signature="setUp()[pri:0, instance:com.operator.testcases.ValidateLogin@6615435c]" name="setUp" is-config="true" duration-ms="18623" started-at="2020-10-19T13:22:14Z" finished-at="2020-10-19T13:22:33Z">
          <reporter-output>
          </reporter-output>
        </test-method> <!-- setUp -->
        <test-method status="PASS" signature="validatelogin(java.lang.String, java.lang.String)[pri:0, instance:com.operator.testcases.ValidateLogin@6615435c]" name="validatelogin" duration-ms="2025" started-at="2020-10-19T13:22:33Z" data-provider="Agentlogin" finished-at="2020-10-19T13:22:35Z">
          <params>
            <param index="0">
              <value>
                <![CDATA[ghensky.oje@gmail.com]]>
              </value>
            </param>
            <param index="1">
              <value>
                <![CDATA[Obayemi92@]]>
              </value>
            </param>
          </params>
          <reporter-output>
          </reporter-output>
        </test-method> <!-- validatelogin -->
        <test-method status="PASS" signature="tearDown()[pri:0, instance:com.operator.testcases.ValidateLogin@6615435c]" name="tearDown" is-config="true" duration-ms="361" started-at="2020-10-19T13:22:35Z" finished-at="2020-10-19T13:22:35Z">
          <reporter-output>
          </reporter-output>
        </test-method> <!-- tearDown -->
        <test-method status="PASS" signature="setUp()[pri:0, instance:com.operator.testcases.ValidateLogin@6615435c]" name="setUp" is-config="true" duration-ms="17628" started-at="2020-10-19T13:22:35Z" finished-at="2020-10-19T13:22:53Z">
          <reporter-output>
          </reporter-output>
        </test-method> <!-- setUp -->
        <test-method status="PASS" signature="validatelogin(java.lang.String, java.lang.String)[pri:0, instance:com.operator.testcases.ValidateLogin@6615435c]" name="validatelogin" duration-ms="1507" started-at="2020-10-19T13:22:53Z" data-provider="Agentlogin" finished-at="2020-10-19T13:22:54Z">
          <params>
            <param index="0">
              <value>
                <![CDATA[obayemmy92@gmail.com]]>
              </value>
            </param>
            <param index="1">
              <value>
                <![CDATA[Obayemi92@]]>
              </value>
            </param>
          </params>
          <reporter-output>
          </reporter-output>
        </test-method> <!-- validatelogin -->
        <test-method status="PASS" signature="tearDown()[pri:0, instance:com.operator.testcases.ValidateLogin@6615435c]" name="tearDown" is-config="true" duration-ms="259" started-at="2020-10-19T13:22:54Z" finished-at="2020-10-19T13:22:54Z">
          <reporter-output>
          </reporter-output>
        </test-method> <!-- tearDown -->
        <test-method status="PASS" signature="setUp()[pri:0, instance:com.operator.testcases.ValidateLogin@6615435c]" name="setUp" is-config="true" duration-ms="20417" started-at="2020-10-19T13:22:54Z" finished-at="2020-10-19T13:23:15Z">
          <reporter-output>
          </reporter-output>
        </test-method> <!-- setUp -->
        <test-method status="PASS" signature="validatelogin(java.lang.String, java.lang.String)[pri:0, instance:com.operator.testcases.ValidateLogin@6615435c]" name="validatelogin" duration-ms="1815" started-at="2020-10-19T13:23:15Z" data-provider="Agentlogin" finished-at="2020-10-19T13:23:17Z">
          <params>
            <param index="0">
              <value>
                <![CDATA[operator@inits.xyz]]>
              </value>
            </param>
            <param index="1">
              <value>
                <![CDATA[operator@inits.xyz]]>
              </value>
            </param>
          </params>
          <reporter-output>
          </reporter-output>
        </test-method> <!-- validatelogin -->
        <test-method status="PASS" signature="tearDown()[pri:0, instance:com.operator.testcases.ValidateLogin@6615435c]" name="tearDown" is-config="true" duration-ms="459" started-at="2020-10-19T13:23:17Z" finished-at="2020-10-19T13:23:17Z">
          <reporter-output>
          </reporter-output>
        </test-method> <!-- tearDown -->
        <test-method status="PASS" signature="setUp()[pri:0, instance:com.operator.testcases.ValidateLogin@6615435c]" name="setUp" is-config="true" duration-ms="14244" started-at="2020-10-19T13:23:17Z" finished-at="2020-10-19T13:23:31Z">
          <reporter-output>
          </reporter-output>
        </test-method> <!-- setUp -->
        <test-method status="PASS" signature="validatelogin(java.lang.String, java.lang.String)[pri:0, instance:com.operator.testcases.ValidateLogin@6615435c]" name="validatelogin" duration-ms="2785" started-at="2020-10-19T13:23:31Z" data-provider="Agentlogin" finished-at="2020-10-19T13:23:34Z">
          <params>
            <param index="0">
              <value>
                <![CDATA[tolu@initsng.com]]>
              </value>
            </param>
            <param index="1">
              <value>
                <![CDATA[password]]>
              </value>
            </param>
          </params>
          <reporter-output>
          </reporter-output>
        </test-method> <!-- validatelogin -->
        <test-method status="PASS" signature="tearDown()[pri:0, instance:com.operator.testcases.ValidateLogin@6615435c]" name="tearDown" is-config="true" duration-ms="335" started-at="2020-10-19T13:23:34Z" finished-at="2020-10-19T13:23:34Z">
          <reporter-output>
          </reporter-output>
        </test-method> <!-- tearDown -->
      </class> <!-- com.operator.testcases.ValidateLogin -->
    </test> <!-- Login -->
  </suite> <!-- AgencyBanking suite -->
</testng-results>
