<?xml version="1.0" encoding="UTF-8"?>
<testng-results skipped="0" failed="0" total="5" passed="5">
  <reporter-output>
  </reporter-output>
  <suite name="Default suite" duration-ms="446299" started-at="2020-10-19T12:28:41Z" finished-at="2020-10-19T12:36:08Z">
    <groups>
    </groups>
    <test name="Default test" duration-ms="446299" started-at="2020-10-19T12:28:41Z" finished-at="2020-10-19T12:36:08Z">
      <class name="com.operator.testcases.ValidateLogin">
        <test-method status="PASS" signature="setUp()[pri:0, instance:com.operator.testcases.ValidateLogin@3ec300f1]" name="setUp" is-config="true" duration-ms="258973" started-at="2020-10-19T13:28:44Z" finished-at="2020-10-19T13:33:03Z">
          <reporter-output>
          </reporter-output>
        </test-method> <!-- setUp -->
        <test-method status="PASS" signature="validatelogin(java.lang.String, java.lang.String)[pri:0, instance:com.operator.testcases.ValidateLogin@3ec300f1]" name="validatelogin" duration-ms="1437" started-at="2020-10-19T13:33:03Z" data-provider="Agentlogin" finished-at="2020-10-19T13:33:04Z">
          <params>
            <param index="0">
              <value>
                <![CDATA[obayemi.oje@gmail.com]]>
              </value>
            </param>
            <param index="1">
              <value>
                <![CDATA[Obayemi92@]]>
              </value>
            </param>
          </params>
          <reporter-output>
          </reporter-output>
        </test-method> <!-- validatelogin -->
        <test-method status="PASS" signature="tearDown()[pri:0, instance:com.operator.testcases.ValidateLogin@3ec300f1]" name="tearDown" is-config="true" duration-ms="504" started-at="2020-10-19T13:33:04Z" finished-at="2020-10-19T13:33:05Z">
          <reporter-output>
          </reporter-output>
        </test-method> <!-- tearDown -->
        <test-method status="PASS" signature="setUp()[pri:0, instance:com.operator.testcases.ValidateLogin@3ec300f1]" name="setUp" is-config="true" duration-ms="74088" started-at="2020-10-19T13:33:05Z" finished-at="2020-10-19T13:34:19Z">
          <reporter-output>
          </reporter-output>
        </test-method> <!-- setUp -->
        <test-method status="PASS" signature="validatelogin(java.lang.String, java.lang.String)[pri:0, instance:com.operator.testcases.ValidateLogin@3ec300f1]" name="validatelogin" duration-ms="1566" started-at="2020-10-19T13:34:19Z" data-provider="Agentlogin" finished-at="2020-10-19T13:34:20Z">
          <params>
            <param index="0">
              <value>
                <![CDATA[ghensky.oje@gmail.com]]>
              </value>
            </param>
            <param index="1">
              <value>
                <![CDATA[Obayemi92@]]>
              </value>
            </param>
          </params>
          <reporter-output>
          </reporter-output>
        </test-method> <!-- validatelogin -->
        <test-method status="PASS" signature="tearDown()[pri:0, instance:com.operator.testcases.ValidateLogin@3ec300f1]" name="tearDown" is-config="true" duration-ms="662" started-at="2020-10-19T13:34:20Z" finished-at="2020-10-19T13:34:21Z">
          <reporter-output>
          </reporter-output>
        </test-method> <!-- tearDown -->
        <test-method status="PASS" signature="setUp()[pri:0, instance:com.operator.testcases.ValidateLogin@3ec300f1]" name="setUp" is-config="true" duration-ms="61512" started-at="2020-10-19T13:34:21Z" finished-at="2020-10-19T13:35:23Z">
          <reporter-output>
          </reporter-output>
        </test-method> <!-- setUp -->
        <test-method status="PASS" signature="validatelogin(java.lang.String, java.lang.String)[pri:0, instance:com.operator.testcases.ValidateLogin@3ec300f1]" name="validatelogin" duration-ms="1463" started-at="2020-10-19T13:35:23Z" data-provider="Agentlogin" finished-at="2020-10-19T13:35:24Z">
          <params>
            <param index="0">
              <value>
                <![CDATA[obayemmy92@gmail.com]]>
              </value>
            </param>
            <param index="1">
              <value>
                <![CDATA[Obayemi92@]]>
              </value>
            </param>
          </params>
          <reporter-output>
          </reporter-output>
        </test-method> <!-- validatelogin -->
        <test-method status="PASS" signature="tearDown()[pri:0, instance:com.operator.testcases.ValidateLogin@3ec300f1]" name="tearDown" is-config="true" duration-ms="615" started-at="2020-10-19T13:35:24Z" finished-at="2020-10-19T13:35:25Z">
          <reporter-output>
          </reporter-output>
        </test-method> <!-- tearDown -->
        <test-method status="PASS" signature="setUp()[pri:0, instance:com.operator.testcases.ValidateLogin@3ec300f1]" name="setUp" is-config="true" duration-ms="19235" started-at="2020-10-19T13:35:25Z" finished-at="2020-10-19T13:35:44Z">
          <reporter-output>
          </reporter-output>
        </test-method> <!-- setUp -->
        <test-method status="PASS" signature="validatelogin(java.lang.String, java.lang.String)[pri:0, instance:com.operator.testcases.ValidateLogin@3ec300f1]" name="validatelogin" duration-ms="1731" started-at="2020-10-19T13:35:44Z" data-provider="Agentlogin" finished-at="2020-10-19T13:35:46Z">
          <params>
            <param index="0">
              <value>
                <![CDATA[operator@inits.xyz]]>
              </value>
            </param>
            <param index="1">
              <value>
                <![CDATA[operator@inits.xyz]]>
              </value>
            </param>
          </params>
          <reporter-output>
          </reporter-output>
        </test-method> <!-- validatelogin -->
        <test-method status="PASS" signature="tearDown()[pri:0, instance:com.operator.testcases.ValidateLogin@3ec300f1]" name="tearDown" is-config="true" duration-ms="593" started-at="2020-10-19T13:35:46Z" finished-at="2020-10-19T13:35:46Z">
          <reporter-output>
          </reporter-output>
        </test-method> <!-- tearDown -->
        <test-method status="PASS" signature="setUp()[pri:0, instance:com.operator.testcases.ValidateLogin@3ec300f1]" name="setUp" is-config="true" duration-ms="19287" started-at="2020-10-19T13:35:46Z" finished-at="2020-10-19T13:36:06Z">
          <reporter-output>
          </reporter-output>
        </test-method> <!-- setUp -->
        <test-method status="PASS" signature="validatelogin(java.lang.String, java.lang.String)[pri:0, instance:com.operator.testcases.ValidateLogin@3ec300f1]" name="validatelogin" duration-ms="1792" started-at="2020-10-19T13:36:06Z" data-provider="Agentlogin" finished-at="2020-10-19T13:36:07Z">
          <params>
            <param index="0">
              <value>
                <![CDATA[tolu@initsng.com]]>
              </value>
            </param>
            <param index="1">
              <value>
                <![CDATA[password]]>
              </value>
            </param>
          </params>
          <reporter-output>
          </reporter-output>
        </test-method> <!-- validatelogin -->
        <test-method status="PASS" signature="tearDown()[pri:0, instance:com.operator.testcases.ValidateLogin@3ec300f1]" name="tearDown" is-config="true" duration-ms="365" started-at="2020-10-19T13:36:07Z" finished-at="2020-10-19T13:36:08Z">
          <reporter-output>
          </reporter-output>
        </test-method> <!-- tearDown -->
      </class> <!-- com.operator.testcases.ValidateLogin -->
    </test> <!-- Default test -->
  </suite> <!-- Default suite -->
</testng-results>
