<?xml version="1.0" encoding="UTF-8"?>
<!-- Generated by org.testng.reporters.JUnitXMLReporter -->
<testsuite hostname="Toluwalase" name="Login" tests="5" failures="0" timestamp="19 Oct 2020 12:23:35 GMT" time="117.585" errors="0">
  <testcase name="validatelogin" time="1.665" classname="com.operator.testcases.ValidateLogin"/>
  <testcase name="validatelogin" time="2.025" classname="com.operator.testcases.ValidateLogin"/>
  <testcase name="validatelogin" time="1.507" classname="com.operator.testcases.ValidateLogin"/>
  <testcase name="validatelogin" time="1.815" classname="com.operator.testcases.ValidateLogin"/>
  <testcase name="validatelogin" time="2.785" classname="com.operator.testcases.ValidateLogin"/>
</testsuite> <!-- Login -->
